[debug] [2024-01-12T21:25:42.930Z] ----------------------------------------------------------------------
[debug] [2024-01-12T21:25:42.932Z] Command:       C:\Program Files\nodejs\node.exe C:\Users\mateu\AppData\Roaming\npm\node_modules\firebase-tools\lib\bin\firebase.js init
[debug] [2024-01-12T21:25:42.932Z] CLI Version:   13.0.3
[debug] [2024-01-12T21:25:42.932Z] Platform:      win32
[debug] [2024-01-12T21:25:42.933Z] Node Version:  v20.10.0
[debug] [2024-01-12T21:25:42.933Z] Time:          Fri Jan 12 2024 18:25:42 GMT-0300 (Brasilia Standard Time)
[debug] [2024-01-12T21:25:42.933Z] ----------------------------------------------------------------------
[debug] 
[debug] [2024-01-12T21:25:42.936Z] > command requires scopes: ["email","openid","https://www.googleapis.com/auth/cloudplatformprojects.readonly","https://www.googleapis.com/auth/firebase","https://www.googleapis.com/auth/cloud-platform"]
[debug] [2024-01-12T21:25:42.936Z] > authorizing via signed-in user (mateusduraessantos@gmail.com)
[info] 
     ######## #### ########  ######## ########     ###     ######  ########
     ##        ##  ##     ## ##       ##     ##  ##   ##  ##       ##
     ######    ##  ########  ######   ########  #########  ######  ######
     ##        ##  ##    ##  ##       ##     ## ##     ##       ## ##
     ##       #### ##     ## ######## ########  ##     ##  ######  ########

You're about to initialize a Firebase project in this directory:

  C:\Users\mateu\Documents\caju-mobi

[info] 
=== Project Setup
[info] 
[info] First, let's associate this project directory with a Firebase project.
[info] You can create multiple project aliases by running firebase use --add, 
[info] but for now we'll just set up a default project.
[info] 
[debug] [2024-01-12T21:25:51.398Z] >>> [apiv2][query] GET https://firebase.googleapis.com/v1beta1/projects pageSize=100
[debug] [2024-01-12T21:25:52.804Z] <<< [apiv2][status] GET https://firebase.googleapis.com/v1beta1/projects 200
[debug] [2024-01-12T21:25:52.805Z] <<< [apiv2][body] GET https://firebase.googleapis.com/v1beta1/projects [omitted]
[info] i  Using project caju-mobi (caju-mobi) 
[info] 
=== Hosting Setup
[debug] [2024-01-12T21:25:55.395Z] >>> [apiv2][query] GET https://firebase.googleapis.com/v1beta1/projects/caju-mobi [none]
[debug] [2024-01-12T21:25:55.699Z] <<< [apiv2][status] GET https://firebase.googleapis.com/v1beta1/projects/caju-mobi 200
[debug] [2024-01-12T21:25:55.700Z] <<< [apiv2][body] GET https://firebase.googleapis.com/v1beta1/projects/caju-mobi {"projectId":"caju-mobi","projectNumber":"409756644327","displayName":"caju-mobi","name":"projects/caju-mobi","resources":{"hostingSite":"caju-mobi"},"state":"ACTIVE","etag":"1_83833845-65ab-4e93-87b8-9d4f901431ee"}
[info] 
[info] Your public directory is the folder (relative to your project directory) that
[info] will contain Hosting assets to be uploaded with firebase deploy. If you
[info] have a build process for your assets, use your build's output directory.
[info] 
[debug] [2024-01-12T21:26:18.035Z] ----------------------------------------------------------------------
[debug] [2024-01-12T21:26:18.036Z] Command:       C:\Program Files\nodejs\node.exe C:\Users\mateu\AppData\Roaming\npm\node_modules\firebase-tools\lib\bin\firebase.js init
[debug] [2024-01-12T21:26:18.036Z] CLI Version:   13.0.3
[debug] [2024-01-12T21:26:18.037Z] Platform:      win32
[debug] [2024-01-12T21:26:18.037Z] Node Version:  v20.10.0
[debug] [2024-01-12T21:26:18.037Z] Time:          Fri Jan 12 2024 18:26:18 GMT-0300 (Brasilia Standard Time)
[debug] [2024-01-12T21:26:18.037Z] ----------------------------------------------------------------------
[debug] 
[debug] [2024-01-12T21:26:18.040Z] > command requires scopes: ["email","openid","https://www.googleapis.com/auth/cloudplatformprojects.readonly","https://www.googleapis.com/auth/firebase","https://www.googleapis.com/auth/cloud-platform"]
[debug] [2024-01-12T21:26:18.040Z] > authorizing via signed-in user (mateusduraessantos@gmail.com)
[info] 
     ######## #### ########  ######## ########     ###     ######  ########
     ##        ##  ##     ## ##       ##     ##  ##   ##  ##       ##
     ######    ##  ########  ######   ########  #########  ######  ######
     ##        ##  ##    ##  ##       ##     ## ##     ##       ## ##
     ##       #### ##     ## ######## ########  ##     ##  ######  ########

You're about to initialize a Firebase project in this directory:

  C:\Users\mateu\Documents\caju-mobi

[info] 
=== Project Setup
[info] 
[info] First, let's associate this project directory with a Firebase project.
[info] You can create multiple project aliases by running firebase use --add, 
[info] but for now we'll just set up a default project.
[info] 
[debug] [2024-01-12T21:26:23.193Z] >>> [apiv2][query] GET https://firebase.googleapis.com/v1beta1/projects pageSize=100
[debug] [2024-01-12T21:26:24.650Z] <<< [apiv2][status] GET https://firebase.googleapis.com/v1beta1/projects 200
[debug] [2024-01-12T21:26:24.651Z] <<< [apiv2][body] GET https://firebase.googleapis.com/v1beta1/projects [omitted]
[info] i  Using project caju-mobi (caju-mobi) 
[info] 
=== Hosting Setup
[debug] [2024-01-12T21:26:26.801Z] >>> [apiv2][query] GET https://firebase.googleapis.com/v1beta1/projects/caju-mobi [none]
[debug] [2024-01-12T21:26:27.116Z] <<< [apiv2][status] GET https://firebase.googleapis.com/v1beta1/projects/caju-mobi 200
[debug] [2024-01-12T21:26:27.117Z] <<< [apiv2][body] GET https://firebase.googleapis.com/v1beta1/projects/caju-mobi {"projectId":"caju-mobi","projectNumber":"409756644327","displayName":"caju-mobi","name":"projects/caju-mobi","resources":{"hostingSite":"caju-mobi"},"state":"ACTIVE","etag":"1_83833845-65ab-4e93-87b8-9d4f901431ee"}
[info] 
[info] Your public directory is the folder (relative to your project directory) that
[info] will contain Hosting assets to be uploaded with firebase deploy. If you
[info] have a build process for your assets, use your build's output directory.
[info] 
